TN:
SF:app/layout.tsx
FN:13,RootLayout
FNF:1
FNH:0
FNDA:0,RootLayout
DA:2,0
DA:4,0
DA:13,0
DA:14,0
DA:18,0
LF:5
LH:0
BRF:0
BRH:0
end_of_record
TN:
SF:app/page.tsx
FN:3,Home
FNF:1
FNH:0
FNDA:0,Home
DA:1,0
DA:3,0
DA:4,0
LF:3
LH:0
BRF:0
BRH:0
end_of_record
TN:
SF:app/api/auth/callback/route.ts
FN:4,GET
FNF:1
FNH:0
FNDA:0,GET
DA:1,0
DA:2,0
DA:4,0
DA:5,0
DA:6,0
DA:7,0
DA:9,0
DA:10,0
DA:11,0
DA:12,0
DA:13,0
DA:14,0
DA:15,0
DA:16,0
DA:17,0
DA:18,0
DA:20,0
DA:25,0
LF:18
LH:0
BRDA:25,0,0,0
BRDA:7,1,0,0
BRDA:7,1,1,0
BRDA:7,2,0,0
BRDA:7,2,1,0
BRDA:9,3,0,0
BRDA:9,3,1,0
BRDA:12,4,0,0
BRDA:12,4,1,0
BRDA:15,5,0,0
BRDA:15,5,1,0
BRDA:17,6,0,0
BRDA:17,6,1,0
BRF:13
BRH:0
end_of_record
TN:
SF:app/api/consciousness/health/route.ts
FN:1,GET
FNF:1
FNH:1
FNDA:3,GET
DA:1,1
DA:2,3
DA:14,3
LF:3
LH:3
BRF:0
BRH:0
end_of_record
TN:
SF:app/dashboard/page.tsx
FN:4,Dashboard
FN:15,(anonymous_16)
FNF:2
FNH:0
FNDA:0,Dashboard
FNDA:0,(anonymous_16)
DA:1,0
DA:2,0
DA:4,0
DA:5,0
DA:8,0
DA:9,0
DA:11,0
DA:12,0
DA:15,0
DA:17,0
DA:18,0
DA:19,0
DA:22,0
LF:13
LH:0
BRDA:5,0,0,0
BRDA:11,1,0,0
BRDA:11,1,1,0
BRDA:17,2,0,0
BRF:4
BRH:0
end_of_record
TN:
SF:app/root/page.tsx
FN:3,RootPage
FNF:1
FNH:0
FNDA:0,RootPage
DA:1,0
DA:3,0
DA:4,0
LF:3
LH:0
BRF:0
BRH:0
end_of_record
TN:
SF:components/AuthForm.tsx
FN:9,(anonymous_14)
FN:82,AuthForm
FN:91,(anonymous_16)
FN:91,(anonymous_17)
FN:143,(anonymous_19)
FN:158,(anonymous_20)
FN:182,(anonymous_21)
FNF:7
FNH:3
FNDA:4,(anonymous_14)
FNDA:4,AuthForm
FNDA:0,(anonymous_16)
FNDA:0,(anonymous_17)
FNDA:0,(anonymous_19)
FNDA:0,(anonymous_20)
FNDA:1,(anonymous_21)
DA:3,1
DA:4,1
DA:5,1
DA:6,1
DA:9,4
DA:82,5
DA:83,4
DA:84,4
DA:85,4
DA:86,4
DA:87,4
DA:88,4
DA:89,4
DA:91,4
DA:92,0
DA:93,0
DA:94,0
DA:97,0
DA:98,0
DA:102,0
DA:104,0
DA:108,0
DA:110,0
DA:112,0
DA:114,0
DA:118,4
DA:143,0
DA:158,0
DA:182,1
LF:29
LH:16
BRDA:104,0,0,0
BRDA:97,1,0,0
BRDA:97,1,1,0
BRDA:102,2,0,0
BRDA:102,2,1,0
BRDA:108,3,0,0
BRDA:108,3,1,0
BRDA:165,4,0,4
BRDA:165,4,1,0
BRDA:176,5,0,0
BRDA:176,5,1,4
BRDA:176,6,0,3
BRDA:176,6,1,1
BRDA:185,7,0,3
BRDA:185,7,1,1
BRF:15
BRH:6
end_of_record
TN:
SF:components/MatrixRain.tsx
FN:3,(anonymous_9)
FN:6,(anonymous_10)
FN:14,(anonymous_11)
FN:40,(anonymous_12)
FN:73,(anonymous_13)
FN:105,(anonymous_14)
FNF:6
FNH:2
FNDA:4,(anonymous_9)
FNDA:3,(anonymous_10)
FNDA:0,(anonymous_11)
FNDA:0,(anonymous_12)
FNDA:0,(anonymous_13)
FNDA:0,(anonymous_14)
DA:1,1
DA:3,1
DA:4,4
DA:6,4
DA:7,3
DA:8,3
DA:10,3
DA:11,3
DA:14,0
DA:15,0
DA:16,0
DA:19,0
DA:20,0
DA:25,0
DA:37,0
DA:40,0
DA:42,0
DA:45,0
DA:48,0
DA:51,0
DA:54,0
DA:57,0
DA:60,0
DA:63,0
DA:64,0
DA:65,0
DA:68,0
DA:69,0
DA:73,0
DA:75,0
DA:76,0
DA:79,0
DA:80,0
DA:82,0
DA:83,0
DA:84,0
DA:85,0
DA:88,0
DA:91,0
DA:93,0
DA:96,0
DA:97,0
DA:99,0
DA:103,0
DA:105,0
DA:106,0
DA:107,0
DA:111,4
DA:127,1
LF:49
LH:10
BRDA:8,0,0,0
BRDA:8,0,1,3
BRDA:11,1,0,3
BRDA:11,1,1,0
BRDA:42,2,0,0
BRDA:42,2,1,0
BRDA:45,3,0,0
BRDA:45,3,1,0
BRDA:48,4,0,0
BRDA:48,4,1,0
BRDA:51,5,0,0
BRDA:51,5,1,0
BRDA:54,6,0,0
BRDA:54,6,1,0
BRDA:57,7,0,0
BRDA:57,7,1,0
BRDA:96,8,0,0
BRDA:96,8,1,0
BRDA:96,9,0,0
BRDA:96,9,1,0
BRF:20
BRH:2
end_of_record
TN:
SF:lib/supabase/client.ts
FN:3,createClient
FNF:1
FNH:0
FNDA:0,createClient
DA:1,0
DA:3,0
DA:4,0
LF:3
LH:0
BRF:0
BRH:0
end_of_record
TN:
SF:lib/supabase/server.ts
FN:4,createClient
FN:12,(anonymous_16)
FN:15,(anonymous_17)
FN:17,(anonymous_18)
FNF:4
FNH:0
FNDA:0,createClient
FNDA:0,(anonymous_16)
FNDA:0,(anonymous_17)
FNDA:0,(anonymous_18)
DA:1,0
DA:2,0
DA:4,0
DA:5,0
DA:7,0
DA:13,0
DA:16,0
DA:17,0
DA:18,0
LF:9
LH:0
BRDA:5,0,0,0
BRF:1
BRH:0
end_of_record
