{"/Users/kydroon/Development/be-part-of-net/app/layout.tsx": {"path":"/Users/kydroon/Development/be-part-of-net/app/layout.tsx","statementMap":{"0":{"start":{"line":13,"column":0},"end":{"line":13,"column":24}},"1":{"start":{"line":2,"column":0},"end":{"line":2,"column":22}},"2":{"start":{"line":4,"column":13},"end":{"line":11,"column":null}},"3":{"start":{"line":14,"column":10},"end":{"line":14,"column":null}},"4":{"start":{"line":18,"column":2},"end":{"line":22,"column":null}}},"fnMap":{"0":{"name":"RootLayout","decl":{"start":{"line":13,"column":24},"end":{"line":13,"column":34}},"loc":{"start":{"line":17,"column":1},"end":{"line":23,"column":1}}}},"branchMap":{},"s":{"0":0,"1":0,"2":0,"3":0,"4":0},"f":{"0":0},"b":{}}
,"/Users/kydroon/Development/be-part-of-net/app/page.tsx": {"path":"/Users/kydroon/Development/be-part-of-net/app/page.tsx","statementMap":{"0":{"start":{"line":3,"column":0},"end":{"line":3,"column":24}},"1":{"start":{"line":1,"column":0},"end":{"line":1,"column":42}},"2":{"start":{"line":4,"column":2},"end":{"line":4,"column":null}}},"fnMap":{"0":{"name":"Home","decl":{"start":{"line":3,"column":24},"end":{"line":3,"column":28}},"loc":{"start":{"line":3,"column":28},"end":{"line":5,"column":1}}}},"branchMap":{},"s":{"0":0,"1":0,"2":0},"f":{"0":0},"b":{}}
,"/Users/kydroon/Development/be-part-of-net/app/api/auth/callback/route.ts": {"path":"/Users/kydroon/Development/be-part-of-net/app/api/auth/callback/route.ts","statementMap":{"0":{"start":{"line":4,"column":0},"end":{"line":4,"column":22}},"1":{"start":{"line":1,"column":0},"end":{"line":1,"column":52}},"2":{"start":{"line":2,"column":0},"end":{"line":2,"column":42}},"3":{"start":{"line":5,"column":8},"end":{"line":5,"column":35}},"4":{"start":{"line":6,"column":8},"end":{"line":6,"column":null}},"5":{"start":{"line":7,"column":8},"end":{"line":7,"column":null}},"6":{"start":{"line":9,"column":6},"end":{"line":9,"column":10}},"7":{"start":{"line":10,"column":21},"end":{"line":10,"column":null}},"8":{"start":{"line":10,"column":10},"end":{"line":10,"column":null}},"9":{"start":{"line":11,"column":22},"end":{"line":11,"column":null}},"10":{"start":{"line":11,"column":12},"end":{"line":11,"column":22}},"11":{"start":{"line":12,"column":4},"end":{"line":22,"column":5}},"12":{"start":{"line":13,"column":12},"end":{"line":13,"column":null}},"13":{"start":{"line":14,"column":12},"end":{"line":14,"column":null}},"14":{"start":{"line":15,"column":6},"end":{"line":21,"column":7}},"15":{"start":{"line":16,"column":8},"end":{"line":16,"column":null}},"16":{"start":{"line":17,"column":13},"end":{"line":21,"column":7}},"17":{"start":{"line":18,"column":8},"end":{"line":18,"column":null}},"18":{"start":{"line":20,"column":8},"end":{"line":20,"column":null}},"19":{"start":{"line":25,"column":2},"end":{"line":25,"column":null}}},"fnMap":{"0":{"name":"GET","decl":{"start":{"line":4,"column":22},"end":{"line":4,"column":25}},"loc":{"start":{"line":4,"column":42},"end":{"line":26,"column":null}}}},"branchMap":{"0":{"loc":{"start":{"line":25,"column":2},"end":{"line":25,"column":null}},"type":"switch","locations":[{"start":{"line":25,"column":2},"end":{"line":25,"column":null}}]},"1":{"loc":{"start":{"line":7,"column":15},"end":{"line":7,"column":55}},"type":"cond-expr","locations":[{"start":{"line":7,"column":39},"end":{"line":7,"column":43}},{"start":{"line":7,"column":43},"end":{"line":7,"column":55}}]},"2":{"loc":{"start":{"line":7,"column":15},"end":{"line":7,"column":43}},"type":"binary-expr","locations":[{"start":{"line":7,"column":15},"end":{"line":7,"column":43}},{"start":{"line":7,"column":39},"end":{"line":7,"column":43}}]},"3":{"loc":{"start":{"line":9,"column":6},"end":{"line":9,"column":10}},"type":"if","locations":[{"start":{"line":9,"column":6},"end":{"line":9,"column":10}},{"start":{},"end":{}}]},"4":{"loc":{"start":{"line":12,"column":4},"end":{"line":22,"column":5}},"type":"if","locations":[{"start":{"line":12,"column":4},"end":{"line":22,"column":5}},{"start":{},"end":{}}]},"5":{"loc":{"start":{"line":15,"column":6},"end":{"line":21,"column":7}},"type":"if","locations":[{"start":{"line":15,"column":6},"end":{"line":21,"column":7}},{"start":{"line":17,"column":13},"end":{"line":21,"column":7}}]},"6":{"loc":{"start":{"line":17,"column":13},"end":{"line":21,"column":7}},"type":"if","locations":[{"start":{"line":17,"column":13},"end":{"line":21,"column":7}},{"start":{"line":19,"column":13},"end":{"line":21,"column":7}}]}},"s":{"0":0,"1":0,"2":0,"3":0,"4":0,"5":0,"6":0,"7":0,"8":0,"9":0,"10":0,"11":0,"12":0,"13":0,"14":0,"15":0,"16":0,"17":0,"18":0,"19":0},"f":{"0":0},"b":{"0":[0],"1":[0,0],"2":[0,0],"3":[0,0],"4":[0,0],"5":[0,0],"6":[0,0]}}
,"/Users/kydroon/Development/be-part-of-net/app/api/consciousness/health/route.ts": {"path":"/Users/kydroon/Development/be-part-of-net/app/api/consciousness/health/route.ts","statementMap":{"0":{"start":{"line":1,"column":0},"end":{"line":1,"column":22}},"1":{"start":{"line":2,"column":8},"end":{"line":12,"column":null}},"2":{"start":{"line":14,"column":2},"end":{"line":14,"column":null}}},"fnMap":{"0":{"name":"GET","decl":{"start":{"line":1,"column":22},"end":{"line":1,"column":25}},"loc":{"start":{"line":1,"column":25},"end":{"line":15,"column":null}}}},"branchMap":{},"s":{"0":1,"1":3,"2":3},"f":{"0":3},"b":{}}
,"/Users/kydroon/Development/be-part-of-net/app/dashboard/page.tsx": {"path":"/Users/kydroon/Development/be-part-of-net/app/dashboard/page.tsx","statementMap":{"0":{"start":{"line":4,"column":0},"end":{"line":4,"column":30}},"1":{"start":{"line":1,"column":0},"end":{"line":1,"column":52}},"2":{"start":{"line":2,"column":0},"end":{"line":2,"column":42}},"3":{"start":{"line":5,"column":19},"end":{"line":5,"column":null}},"4":{"start":{"line":5,"column":8},"end":{"line":5,"column":null}},"5":{"start":{"line":9,"column":6},"end":{"line":9,"column":null}},"6":{"start":{"line":8,"column":12},"end":{"line":8,"column":null}},"7":{"start":{"line":11,"column":2},"end":{"line":13,"column":3}},"8":{"start":{"line":12,"column":4},"end":{"line":12,"column":null}},"9":{"start":{"line":15,"column":8},"end":{"line":20,"column":null}},"10":{"start":{"line":15,"column":24},"end":{"line":20,"column":null}},"11":{"start":{"line":17,"column":21},"end":{"line":17,"column":null}},"12":{"start":{"line":17,"column":10},"end":{"line":17,"column":null}},"13":{"start":{"line":18,"column":4},"end":{"line":18,"column":null}},"14":{"start":{"line":19,"column":4},"end":{"line":19,"column":null}},"15":{"start":{"line":22,"column":2},"end":{"line":88,"column":null}}},"fnMap":{"0":{"name":"Dashboard","decl":{"start":{"line":4,"column":30},"end":{"line":4,"column":39}},"loc":{"start":{"line":4,"column":39},"end":{"line":89,"column":null}}},"1":{"name":"(anonymous_16)","decl":{"start":{"line":15,"column":24},"end":{"line":15,"column":null}},"loc":{"start":{"line":15,"column":24},"end":{"line":20,"column":null}}}},"branchMap":{"0":{"loc":{"start":{"line":5,"column":19},"end":{"line":5,"column":null}},"type":"switch","locations":[{"start":{"line":5,"column":19},"end":{"line":5,"column":null}}]},"1":{"loc":{"start":{"line":11,"column":2},"end":{"line":13,"column":3}},"type":"if","locations":[{"start":{"line":11,"column":2},"end":{"line":13,"column":3}},{"start":{},"end":{}}]},"2":{"loc":{"start":{"line":17,"column":21},"end":{"line":17,"column":null}},"type":"switch","locations":[{"start":{"line":17,"column":21},"end":{"line":17,"column":null}}]}},"s":{"0":0,"1":0,"2":0,"3":0,"4":0,"5":0,"6":0,"7":0,"8":0,"9":0,"10":0,"11":0,"12":0,"13":0,"14":0,"15":0},"f":{"0":0,"1":0},"b":{"0":[0],"1":[0,0],"2":[0]}}
,"/Users/kydroon/Development/be-part-of-net/app/root/page.tsx": {"path":"/Users/kydroon/Development/be-part-of-net/app/root/page.tsx","statementMap":{"0":{"start":{"line":3,"column":0},"end":{"line":3,"column":24}},"1":{"start":{"line":1,"column":0},"end":{"line":1,"column":44}},"2":{"start":{"line":4,"column":2},"end":{"line":4,"column":null}}},"fnMap":{"0":{"name":"RootPage","decl":{"start":{"line":3,"column":24},"end":{"line":3,"column":32}},"loc":{"start":{"line":3,"column":32},"end":{"line":5,"column":1}}}},"branchMap":{},"s":{"0":0,"1":0,"2":0},"f":{"0":0},"b":{}}
,"/Users/kydroon/Development/be-part-of-net/components/AuthForm.tsx": {"path":"/Users/kydroon/Development/be-part-of-net/components/AuthForm.tsx","statementMap":{"0":{"start":{"line":82,"column":0},"end":{"line":82,"column":24}},"1":{"start":{"line":3,"column":0},"end":{"line":3,"column":32}},"2":{"start":{"line":4,"column":0},"end":{"line":4,"column":52}},"3":{"start":{"line":5,"column":0},"end":{"line":5,"column":43}},"4":{"start":{"line":6,"column":0},"end":{"line":6,"column":48}},"5":{"start":{"line":9,"column":18},"end":{"line":9,"column":null}},"6":{"start":{"line":9,"column":24},"end":{"line":80,"column":null}},"7":{"start":{"line":83,"column":32},"end":{"line":83,"column":46}},"8":{"start":{"line":83,"column":16},"end":{"line":83,"column":18}},"9":{"start":{"line":83,"column":28},"end":{"line":83,"column":32}},"10":{"start":{"line":84,"column":28},"end":{"line":84,"column":40}},"11":{"start":{"line":84,"column":14},"end":{"line":84,"column":16}},"12":{"start":{"line":84,"column":24},"end":{"line":84,"column":28}},"13":{"start":{"line":85,"column":34},"end":{"line":85,"column":46}},"14":{"start":{"line":85,"column":17},"end":{"line":85,"column":19}},"15":{"start":{"line":85,"column":30},"end":{"line":85,"column":34}},"16":{"start":{"line":86,"column":32},"end":{"line":86,"column":47}},"17":{"start":{"line":86,"column":16},"end":{"line":86,"column":18}},"18":{"start":{"line":86,"column":28},"end":{"line":86,"column":32}},"19":{"start":{"line":87,"column":28},"end":{"line":87,"column":40}},"20":{"start":{"line":87,"column":14},"end":{"line":87,"column":16}},"21":{"start":{"line":87,"column":24},"end":{"line":87,"column":28}},"22":{"start":{"line":88,"column":17},"end":{"line":88,"column":28}},"23":{"start":{"line":89,"column":19},"end":{"line":89,"column":33}},"24":{"start":{"line":91,"column":23},"end":{"line":116,"column":null}},"25":{"start":{"line":91,"column":48},"end":{"line":116,"column":null}},"26":{"start":{"line":92,"column":4},"end":{"line":92,"column":null}},"27":{"start":{"line":93,"column":4},"end":{"line":93,"column":null}},"28":{"start":{"line":94,"column":4},"end":{"line":94,"column":null}},"29":{"start":{"line":97,"column":10},"end":{"line":97,"column":17}},"30":{"start":{"line":98,"column":26},"end":{"line":101,"column":null}},"31":{"start":{"line":98,"column":16},"end":{"line":98,"column":26}},"32":{"start":{"line":102,"column":8},"end":{"line":102,"column":null}},"33":{"start":{"line":102,"column":19},"end":{"line":102,"column":null}},"34":{"start":{"line":104,"column":26},"end":{"line":107,"column":null}},"35":{"start":{"line":104,"column":16},"end":{"line":104,"column":26}},"36":{"start":{"line":108,"column":8},"end":{"line":108,"column":null}},"37":{"start":{"line":108,"column":19},"end":{"line":108,"column":null}},"38":{"start":{"line":110,"column":6},"end":{"line":110,"column":null}},"39":{"start":{"line":112,"column":6},"end":{"line":112,"column":null}},"40":{"start":{"line":114,"column":6},"end":{"line":114,"column":null}},"41":{"start":{"line":118,"column":2},"end":{"line":196,"column":null}},"42":{"start":{"line":143,"column":33},"end":{"line":143,"column":null}},"43":{"start":{"line":158,"column":33},"end":{"line":158,"column":null}},"44":{"start":{"line":182,"column":29},"end":{"line":182,"column":null}}},"fnMap":{"0":{"name":"(anonymous_14)","decl":{"start":{"line":9,"column":18},"end":{"line":9,"column":24}},"loc":{"start":{"line":9,"column":18},"end":{"line":9,"column":null}}},"1":{"name":"AuthForm","decl":{"start":{"line":82,"column":24},"end":{"line":82,"column":32}},"loc":{"start":{"line":82,"column":32},"end":{"line":197,"column":1}}},"2":{"name":"(anonymous_16)","decl":{"start":{"line":91,"column":23},"end":{"line":91,"column":30}},"loc":{"start":{"line":91,"column":48},"end":{"line":116,"column":null}}},"3":{"name":"(anonymous_17)","decl":{"start":{"line":91,"column":48},"end":{"line":91,"column":null}},"loc":{"start":{"line":91,"column":48},"end":{"line":116,"column":null}}},"4":{"name":"(anonymous_19)","decl":{"start":{"line":143,"column":26},"end":{"line":143,"column":27}},"loc":{"start":{"line":143,"column":28},"end":{"line":143,"column":41}}},"5":{"name":"(anonymous_20)","decl":{"start":{"line":158,"column":26},"end":{"line":158,"column":27}},"loc":{"start":{"line":158,"column":28},"end":{"line":158,"column":44}}},"6":{"name":"(anonymous_21)","decl":{"start":{"line":182,"column":23},"end":{"line":182,"column":29}},"loc":{"start":{"line":182,"column":23},"end":{"line":182,"column":39}}}},"branchMap":{"0":{"loc":{"start":{"line":104,"column":26},"end":{"line":107,"column":null}},"type":"switch","locations":[{"start":{"line":104,"column":26},"end":{"line":107,"column":null}}]},"1":{"loc":{"start":{"line":97,"column":10},"end":{"line":97,"column":17}},"type":"if","locations":[{"start":{"line":97,"column":10},"end":{"line":97,"column":17}},{"start":{},"end":{}}]},"2":{"loc":{"start":{"line":102,"column":8},"end":{"line":102,"column":null}},"type":"if","locations":[{"start":{"line":102,"column":8},"end":{"line":102,"column":null}},{"start":{},"end":{}}]},"3":{"loc":{"start":{"line":108,"column":8},"end":{"line":108,"column":null}},"type":"if","locations":[{"start":{"line":108,"column":8},"end":{"line":108,"column":null}},{"start":{},"end":{}}]},"4":{"loc":{"start":{"line":165,"column":13},"end":{"line":168,"column":null}},"type":"binary-expr","locations":[{"start":{"line":165,"column":13},"end":{"line":165,"column":18}},{"start":{"line":166,"column":14},"end":{"line":167,"column":null}}]},"5":{"loc":{"start":{"line":176,"column":15},"end":{"line":176,"column":93}},"type":"cond-expr","locations":[{"start":{"line":176,"column":25},"end":{"line":176,"column":39}},{"start":{"line":176,"column":42},"end":{"line":176,"column":93}}]},"6":{"loc":{"start":{"line":176,"column":42},"end":{"line":176,"column":93}},"type":"cond-expr","locations":[{"start":{"line":176,"column":52},"end":{"line":176,"column":70}},{"start":{"line":176,"column":73},"end":{"line":176,"column":93}}]},"7":{"loc":{"start":{"line":185,"column":15},"end":{"line":185,"column":78}},"type":"cond-expr","locations":[{"start":{"line":185,"column":25},"end":{"line":185,"column":53}},{"start":{"line":185,"column":56},"end":{"line":185,"column":78}}]}},"s":{"0":5,"1":1,"2":1,"3":1,"4":1,"5":1,"6":4,"7":4,"8":4,"9":4,"10":4,"11":4,"12":4,"13":4,"14":4,"15":4,"16":4,"17":4,"18":4,"19":4,"20":4,"21":4,"22":4,"23":4,"24":4,"25":0,"26":0,"27":0,"28":0,"29":0,"30":0,"31":0,"32":0,"33":0,"34":0,"35":0,"36":0,"37":0,"38":0,"39":0,"40":0,"41":4,"42":0,"43":0,"44":1},"f":{"0":4,"1":4,"2":0,"3":0,"4":0,"5":0,"6":1},"b":{"0":[0],"1":[0,0],"2":[0,0],"3":[0,0],"4":[4,0],"5":[0,4],"6":[3,1],"7":[3,1]}}
,"/Users/kydroon/Development/be-part-of-net/components/MatrixRain.tsx": {"path":"/Users/kydroon/Development/be-part-of-net/components/MatrixRain.tsx","statementMap":{"0":{"start":{"line":1,"column":0},"end":{"line":1,"column":49}},"1":{"start":{"line":3,"column":19},"end":{"line":125,"column":1}},"2":{"start":{"line":4,"column":20},"end":{"line":4,"column":51}},"3":{"start":{"line":6,"column":2},"end":{"line":109,"column":9}},"4":{"start":{"line":7,"column":19},"end":{"line":7,"column":36}},"5":{"start":{"line":8,"column":4},"end":{"line":8,"column":24}},"6":{"start":{"line":8,"column":17},"end":{"line":8,"column":24}},"7":{"start":{"line":10,"column":16},"end":{"line":10,"column":39}},"8":{"start":{"line":11,"column":4},"end":{"line":11,"column":21}},"9":{"start":{"line":11,"column":14},"end":{"line":11,"column":21}},"10":{"start":{"line":14,"column":25},"end":{"line":17,"column":5}},"11":{"start":{"line":15,"column":6},"end":{"line":15,"column":39}},"12":{"start":{"line":16,"column":6},"end":{"line":16,"column":41}},"13":{"start":{"line":19,"column":4},"end":{"line":19,"column":19}},"14":{"start":{"line":20,"column":4},"end":{"line":20,"column":52}},"15":{"start":{"line":25,"column":6},"end":{"line":35,"column":32}},"16":{"start":{"line":37,"column":22},"end":{"line":37,"column":37}},"17":{"start":{"line":40,"column":25},"end":{"line":61,"column":5}},"18":{"start":{"line":42,"column":6},"end":{"line":42,"column":48}},"19":{"start":{"line":42,"column":31},"end":{"line":42,"column":48}},"20":{"start":{"line":45,"column":6},"end":{"line":45,"column":94}},"21":{"start":{"line":45,"column":77},"end":{"line":45,"column":94}},"22":{"start":{"line":48,"column":6},"end":{"line":48,"column":98}},"23":{"start":{"line":48,"column":81},"end":{"line":48,"column":98}},"24":{"start":{"line":51,"column":6},"end":{"line":51,"column":112}},"25":{"start":{"line":51,"column":95},"end":{"line":51,"column":112}},"26":{"start":{"line":54,"column":6},"end":{"line":54,"column":92}},"27":{"start":{"line":54,"column":75},"end":{"line":54,"column":92}},"28":{"start":{"line":57,"column":6},"end":{"line":57,"column":70}},"29":{"start":{"line":57,"column":53},"end":{"line":57,"column":70}},"30":{"start":{"line":60,"column":6},"end":{"line":60,"column":23}},"31":{"start":{"line":63,"column":21},"end":{"line":63,"column":23}},"32":{"start":{"line":64,"column":20},"end":{"line":64,"column":55}},"33":{"start":{"line":65,"column":28},"end":{"line":65,"column":30}},"34":{"start":{"line":68,"column":4},"end":{"line":70,"column":5}},"35":{"start":{"line":68,"column":17},"end":{"line":68,"column":18}},"36":{"start":{"line":69,"column":6},"end":{"line":69,"column":38}},"37":{"start":{"line":73,"column":17},"end":{"line":101,"column":5}},"38":{"start":{"line":75,"column":6},"end":{"line":75,"column":47}},"39":{"start":{"line":76,"column":6},"end":{"line":76,"column":54}},"40":{"start":{"line":79,"column":6},"end":{"line":79,"column":71}},"41":{"start":{"line":80,"column":6},"end":{"line":80,"column":31}},"42":{"start":{"line":82,"column":6},"end":{"line":100,"column":7}},"43":{"start":{"line":82,"column":19},"end":{"line":82,"column":20}},"44":{"start":{"line":83,"column":21},"end":{"line":83,"column":76}},"45":{"start":{"line":84,"column":18},"end":{"line":84,"column":43}},"46":{"start":{"line":85,"column":18},"end":{"line":85,"column":37}},"47":{"start":{"line":88,"column":8},"end":{"line":88,"column":43}},"48":{"start":{"line":91,"column":8},"end":{"line":91,"column":27}},"49":{"start":{"line":93,"column":8},"end":{"line":93,"column":33}},"50":{"start":{"line":96,"column":8},"end":{"line":98,"column":9}},"51":{"start":{"line":97,"column":10},"end":{"line":97,"column":23}},"52":{"start":{"line":99,"column":8},"end":{"line":99,"column":19}},"53":{"start":{"line":103,"column":21},"end":{"line":103,"column":42}},"54":{"start":{"line":105,"column":4},"end":{"line":108,"column":6}},"55":{"start":{"line":106,"column":6},"end":{"line":106,"column":30}},"56":{"start":{"line":107,"column":6},"end":{"line":107,"column":57}},"57":{"start":{"line":111,"column":2},"end":{"line":124,"column":4}},"58":{"start":{"line":127,"column":0},"end":{"line":127,"column":26}}},"fnMap":{"0":{"name":"(anonymous_9)","decl":{"start":{"line":3,"column":19},"end":{"line":3,"column":null}},"loc":{"start":{"line":3,"column":19},"end":{"line":125,"column":1}}},"1":{"name":"(anonymous_10)","decl":{"start":{"line":6,"column":12},"end":{"line":6,"column":null}},"loc":{"start":{"line":6,"column":12},"end":{"line":109,"column":3}}},"2":{"name":"(anonymous_11)","decl":{"start":{"line":14,"column":25},"end":{"line":14,"column":null}},"loc":{"start":{"line":14,"column":25},"end":{"line":17,"column":5}}},"3":{"name":"(anonymous_12)","decl":{"start":{"line":40,"column":25},"end":{"line":40,"column":26}},"loc":{"start":{"line":40,"column":38},"end":{"line":61,"column":5}}},"4":{"name":"(anonymous_13)","decl":{"start":{"line":73,"column":17},"end":{"line":73,"column":null}},"loc":{"start":{"line":73,"column":17},"end":{"line":101,"column":5}}},"5":{"name":"(anonymous_14)","decl":{"start":{"line":105,"column":11},"end":{"line":105,"column":null}},"loc":{"start":{"line":105,"column":11},"end":{"line":108,"column":5}}}},"branchMap":{"0":{"loc":{"start":{"line":8,"column":4},"end":{"line":8,"column":24}},"type":"if","locations":[{"start":{"line":8,"column":4},"end":{"line":8,"column":24}},{"start":{},"end":{}}]},"1":{"loc":{"start":{"line":11,"column":4},"end":{"line":11,"column":21}},"type":"if","locations":[{"start":{"line":11,"column":4},"end":{"line":11,"column":21}},{"start":{},"end":{}}]},"2":{"loc":{"start":{"line":42,"column":6},"end":{"line":42,"column":48}},"type":"if","locations":[{"start":{"line":42,"column":6},"end":{"line":42,"column":48}},{"start":{},"end":{}}]},"3":{"loc":{"start":{"line":45,"column":6},"end":{"line":45,"column":94}},"type":"if","locations":[{"start":{"line":45,"column":6},"end":{"line":45,"column":94}},{"start":{},"end":{}}]},"4":{"loc":{"start":{"line":48,"column":6},"end":{"line":48,"column":98}},"type":"if","locations":[{"start":{"line":48,"column":6},"end":{"line":48,"column":98}},{"start":{},"end":{}}]},"5":{"loc":{"start":{"line":51,"column":6},"end":{"line":51,"column":112}},"type":"if","locations":[{"start":{"line":51,"column":6},"end":{"line":51,"column":112}},{"start":{},"end":{}}]},"6":{"loc":{"start":{"line":54,"column":6},"end":{"line":54,"column":92}},"type":"if","locations":[{"start":{"line":54,"column":6},"end":{"line":54,"column":92}},{"start":{},"end":{}}]},"7":{"loc":{"start":{"line":57,"column":6},"end":{"line":57,"column":70}},"type":"if","locations":[{"start":{"line":57,"column":6},"end":{"line":57,"column":70}},{"start":{},"end":{}}]},"8":{"loc":{"start":{"line":96,"column":8},"end":{"line":98,"column":9}},"type":"if","locations":[{"start":{"line":96,"column":8},"end":{"line":98,"column":9}},{"start":{},"end":{}}]},"9":{"loc":{"start":{"line":96,"column":12},"end":{"line":96,"column":54}},"type":"binary-expr","locations":[{"start":{"line":96,"column":12},"end":{"line":96,"column":29}},{"start":{"line":96,"column":33},"end":{"line":96,"column":54}}]}},"s":{"0":1,"1":1,"2":4,"3":4,"4":3,"5":3,"6":0,"7":3,"8":3,"9":3,"10":0,"11":0,"12":0,"13":0,"14":0,"15":0,"16":0,"17":0,"18":0,"19":0,"20":0,"21":0,"22":0,"23":0,"24":0,"25":0,"26":0,"27":0,"28":0,"29":0,"30":0,"31":0,"32":0,"33":0,"34":0,"35":0,"36":0,"37":0,"38":0,"39":0,"40":0,"41":0,"42":0,"43":0,"44":0,"45":0,"46":0,"47":0,"48":0,"49":0,"50":0,"51":0,"52":0,"53":0,"54":0,"55":0,"56":0,"57":4,"58":1},"f":{"0":4,"1":3,"2":0,"3":0,"4":0,"5":0},"b":{"0":[0,3],"1":[3,0],"2":[0,0],"3":[0,0],"4":[0,0],"5":[0,0],"6":[0,0],"7":[0,0],"8":[0,0],"9":[0,0]}}
,"/Users/kydroon/Development/be-part-of-net/lib/supabase/client.ts": {"path":"/Users/kydroon/Development/be-part-of-net/lib/supabase/client.ts","statementMap":{"0":{"start":{"line":3,"column":0},"end":{"line":3,"column":16}},"1":{"start":{"line":1,"column":0},"end":{"line":1,"column":51}},"2":{"start":{"line":4,"column":2},"end":{"line":7,"column":null}}},"fnMap":{"0":{"name":"createClient","decl":{"start":{"line":3,"column":16},"end":{"line":3,"column":28}},"loc":{"start":{"line":3,"column":28},"end":{"line":8,"column":1}}}},"branchMap":{},"s":{"0":0,"1":0,"2":0},"f":{"0":0},"b":{}}
,"/Users/kydroon/Development/be-part-of-net/lib/supabase/server.ts": {"path":"/Users/kydroon/Development/be-part-of-net/lib/supabase/server.ts","statementMap":{"0":{"start":{"line":4,"column":0},"end":{"line":4,"column":22}},"1":{"start":{"line":1,"column":0},"end":{"line":1,"column":50}},"2":{"start":{"line":2,"column":0},"end":{"line":2,"column":38}},"3":{"start":{"line":5,"column":22},"end":{"line":5,"column":null}},"4":{"start":{"line":5,"column":8},"end":{"line":5,"column":null}},"5":{"start":{"line":7,"column":2},"end":{"line":28,"column":null}},"6":{"start":{"line":13,"column":10},"end":{"line":13,"column":null}},"7":{"start":{"line":16,"column":10},"end":{"line":24,"column":11}},"8":{"start":{"line":17,"column":12},"end":{"line":19,"column":null}},"9":{"start":{"line":17,"column":40},"end":{"line":17,"column":42}},"10":{"start":{"line":17,"column":47},"end":{"line":17,"column":49}},"11":{"start":{"line":17,"column":56},"end":{"line":17,"column":58}},"12":{"start":{"line":18,"column":14},"end":{"line":18,"column":null}}},"fnMap":{"0":{"name":"createClient","decl":{"start":{"line":4,"column":22},"end":{"line":4,"column":34}},"loc":{"start":{"line":4,"column":34},"end":{"line":29,"column":null}}},"1":{"name":"(anonymous_16)","decl":{"start":{"line":12,"column":14},"end":{"line":12,"column":null}},"loc":{"start":{"line":12,"column":14},"end":{"line":14,"column":9}}},"2":{"name":"(anonymous_17)","decl":{"start":{"line":15,"column":14},"end":{"line":15,"column":15}},"loc":{"start":{"line":15,"column":27},"end":{"line":25,"column":9}}},"3":{"name":"(anonymous_18)","decl":{"start":{"line":17,"column":33},"end":{"line":17,"column":34}},"loc":{"start":{"line":17,"column":58},"end":{"line":18,"column":25}}}},"branchMap":{"0":{"loc":{"start":{"line":5,"column":22},"end":{"line":5,"column":null}},"type":"switch","locations":[{"start":{"line":5,"column":22},"end":{"line":5,"column":null}}]}},"s":{"0":0,"1":0,"2":0,"3":0,"4":0,"5":0,"6":0,"7":0,"8":0,"9":0,"10":0,"11":0,"12":0},"f":{"0":0,"1":0,"2":0,"3":0},"b":{"0":[0]}}
}
